{"@timestamp":"2023-12-18T19:23:26.730+08:00","@version":1,"message":"Invalid JWKS URL: 'www.url-with-no-protocol.com'","logger_name":"com.paiondata.astraios.web.filters.oauth.ES384JwtTokenValidator","thread_name":"main","level":"ERROR","level_value":40000,"stack_trace":"java.net.MalformedURLException: no protocol: www.url-with-no-protocol.com\n\tat java.base/java.net.URL.<init>(URL.java:674)\n\tat java.base/java.net.URL.<init>(URL.java:569)\n\tat java.base/java.net.URL.<init>(URL.java:516)\n\tat com.paiondata.astraios.web.filters.oauth.ES384JwtTokenValidator.getJwkProvider(ES384JwtTokenValidator.java:123)\n\tat org.codehaus.groovy.vmplugin.v8.IndyInterface.fromCache(IndyInterface.java:318)\n\tat com.paiondata.astraios.web.filters.oauth.ES384JwtTokenValidatorSpec.$spock_feature_0_3(ES384JwtTokenValidatorSpec.groovy:58)\n\tat java.base/jdk.internal.reflect.NativeMethodAccessorImpl.invoke0(Native Method)\n\tat java.base/jdk.internal.reflect.NativeMethodAccessorImpl.invoke(NativeMethodAccessorImpl.java:77)\n\tat java.base/jdk.internal.reflect.DelegatingMethodAccessorImpl.invoke(DelegatingMethodAccessorImpl.java:43)\n\tat java.base/java.lang.reflect.Method.invoke(Method.java:568)\n\tat org.spockframework.util.ReflectionUtil.invokeMethod(ReflectionUtil.java:196)\n\tat org.spockframework.runtime.model.MethodInfo.lambda$new$0(MethodInfo.java:49)\n\tat org.spockframework.runtime.model.MethodInfo.invoke(MethodInfo.java:156)\n\tat org.spockframework.runtime.PlatformSpecRunner.invokeRaw(PlatformSpecRunner.java:407)\n\tat org.spockframework.runtime.PlatformSpecRunner.invoke(PlatformSpecRunner.java:390)\n\tat org.spockframework.runtime.PlatformSpecRunner.runFeatureMethod(PlatformSpecRunner.java:324)\n\tat org.spockframework.runtime.IterationNode.execute(IterationNode.java:50)\n\tat org.spockframework.runtime.SimpleFeatureNode.execute(SimpleFeatureNode.java:58)\n\tat org.spockframework.runtime.SimpleFeatureNode.execute(SimpleFeatureNode.java:15)\n\tat org.junit.platform.engine.support.hierarchical.NodeTestTask.lambda$executeRecursively$6(NodeTestTask.java:151)\n\tat org.junit.platform.engine.support.hierarchical.ThrowableCollector.execute(ThrowableCollector.java:73)\n\tat org.junit.platform.engine.support.hierarchical.NodeTestTask.lambda$executeRecursively$8(NodeTestTask.java:141)\n\tat org.spockframework.runtime.SpockNode.sneakyInvoke(SpockNode.java:40)\n\tat org.spockframework.runtime.IterationNode.lambda$around$0(IterationNode.java:67)\n\tat org.spockframework.runtime.PlatformSpecRunner.lambda$createMethodInfoForDoRunIteration$5(PlatformSpecRunner.java:236)\n\tat org.spockframework.runtime.model.MethodInfo.invoke(MethodInfo.java:156)\n\tat org.spockframework.runtime.PlatformSpecRunner.invokeRaw(PlatformSpecRunner.java:407)\n\tat org.spockframework.runtime.PlatformSpecRunner.invoke(PlatformSpecRunner.java:390)\n\tat org.spockframework.runtime.PlatformSpecRunner.runIteration(PlatformSpecRunner.java:218)\n\tat org.spockframework.runtime.IterationNode.around(IterationNode.java:67)\n\tat org.spockframework.runtime.SimpleFeatureNode.lambda$around$0(SimpleFeatureNode.java:52)\n\tat org.spockframework.runtime.SpockNode.sneakyInvoke(SpockNode.java:40)\n\tat org.spockframework.runtime.FeatureNode.lambda$around$0(FeatureNode.java:41)\n\tat org.spockframework.runtime.PlatformSpecRunner.lambda$createMethodInfoForDoRunFeature$4(PlatformSpecRunner.java:199)\n\tat org.spockframework.runtime.model.MethodInfo.invoke(MethodInfo.java:156)\n\tat org.spockframework.runtime.PlatformSpecRunner.invokeRaw(PlatformSpecRunner.java:407)\n\tat org.spockframework.runtime.PlatformSpecRunner.invoke(PlatformSpecRunner.java:390)\n\tat org.spockframework.runtime.PlatformSpecRunner.runFeature(PlatformSpecRunner.java:192)\n\tat org.spockframework.runtime.FeatureNode.around(FeatureNode.java:41)\n\tat org.spockframework.runtime.SimpleFeatureNode.around(SimpleFeatureNode.java:52)\n\tat org.spockframework.runtime.SimpleFeatureNode.around(SimpleFeatureNode.java:15)\n\tat org.junit.platform.engine.support.hierarchical.NodeTestTask.lambda$executeRecursively$9(NodeTestTask.java:139)\n\tat org.junit.platform.engine.support.hierarchical.ThrowableCollector.execute(ThrowableCollector.java:73)\n\tat org.junit.platform.engine.support.hierarchical.NodeTestTask.executeRecursively(NodeTestTask.java:138)\n\tat org.junit.platform.engine.support.hierarchical.NodeTestTask.execute(NodeTestTask.java:95)\n\tat java.base/java.util.ArrayList.forEach(ArrayList.java:1511)\n\tat org.junit.platform.engine.support.hierarchical.SameThreadHierarchicalTestExecutorService.invokeAll(SameThreadHierarchicalTestExecutorService.java:41)\n\tat org.junit.platform.engine.support.hierarchical.NodeTestTask.lambda$executeRecursively$6(NodeTestTask.java:155)\n\tat org.junit.platform.engine.support.hierarchical.ThrowableCollector.execute(ThrowableCollector.java:73)\n\tat org.junit.platform.engine.support.hierarchical.NodeTestTask.lambda$executeRecursively$8(NodeTestTask.java:141)\n\tat org.spockframework.runtime.SpockNode.sneakyInvoke(SpockNode.java:40)\n\tat org.spockframework.runtime.SpecNode.lambda$around$0(SpecNode.java:63)\n\tat org.spockframework.runtime.PlatformSpecRunner.lambda$createMethodInfoForDoRunSpec$0(PlatformSpecRunner.java:61)\n\tat org.spockframework.runtime.model.MethodInfo.invoke(MethodInfo.java:156)\n\tat org.spockframework.runtime.PlatformSpecRunner.invokeRaw(PlatformSpecRunner.java:407)\n\tat org.spockframework.runtime.PlatformSpecRunner.invoke(PlatformSpecRunner.java:390)\n\tat org.spockframework.runtime.PlatformSpecRunner.runSpec(PlatformSpecRunner.java:55)\n\tat org.spockframework.runtime.SpecNode.around(SpecNode.java:63)\n\tat org.spockframework.runtime.SpecNode.around(SpecNode.java:11)\n\tat org.junit.platform.engine.support.hierarchical.NodeTestTask.lambda$executeRecursively$9(NodeTestTask.java:139)\n\tat org.junit.platform.engine.support.hierarchical.ThrowableCollector.execute(ThrowableCollector.java:73)\n\tat org.junit.platform.engine.support.hierarchical.NodeTestTask.executeRecursively(NodeTestTask.java:138)\n\tat org.junit.platform.engine.support.hierarchical.NodeTestTask.execute(NodeTestTask.java:95)\n\tat java.base/java.util.ArrayList.forEach(ArrayList.java:1511)\n\tat org.junit.platform.engine.support.hierarchical.SameThreadHierarchicalTestExecutorService.invokeAll(SameThreadHierarchicalTestExecutorService.java:41)\n\tat org.junit.platform.engine.support.hierarchical.NodeTestTask.lambda$executeRecursively$6(NodeTestTask.java:155)\n\tat org.junit.platform.engine.support.hierarchical.ThrowableCollector.execute(ThrowableCollector.java:73)\n\tat org.junit.platform.engine.support.hierarchical.NodeTestTask.lambda$executeRecursively$8(NodeTestTask.java:141)\n\tat org.junit.platform.engine.support.hierarchical.Node.around(Node.java:137)\n\tat org.junit.platform.engine.support.hierarchical.NodeTestTask.lambda$executeRecursively$9(NodeTestTask.java:139)\n\tat org.junit.platform.engine.support.hierarchical.ThrowableCollector.execute(ThrowableCollector.java:73)\n\tat org.junit.platform.engine.support.hierarchical.NodeTestTask.executeRecursively(NodeTestTask.java:138)\n\tat org.junit.platform.engine.support.hierarchical.NodeTestTask.execute(NodeTestTask.java:95)\n\tat org.junit.platform.engine.support.hierarchical.SameThreadHierarchicalTestExecutorService.submit(SameThreadHierarchicalTestExecutorService.java:35)\n\tat org.junit.platform.engine.support.hierarchical.HierarchicalTestExecutor.execute(HierarchicalTestExecutor.java:57)\n\tat org.junit.platform.engine.support.hierarchical.HierarchicalTestEngine.execute(HierarchicalTestEngine.java:54)\n\tat org.junit.platform.launcher.core.EngineExecutionOrchestrator.execute(EngineExecutionOrchestrator.java:147)\n\tat org.junit.platform.launcher.core.EngineExecutionOrchestrator.execute(EngineExecutionOrchestrator.java:127)\n\tat org.junit.platform.launcher.core.EngineExecutionOrchestrator.execute(EngineExecutionOrchestrator.java:90)\n\tat org.junit.platform.launcher.core.EngineExecutionOrchestrator.lambda$execute$0(EngineExecutionOrchestrator.java:55)\n\tat org.junit.platform.launcher.core.EngineExecutionOrchestrator.withInterceptedStreams(EngineExecutionOrchestrator.java:102)\n\tat org.junit.platform.launcher.core.EngineExecutionOrchestrator.execute(EngineExecutionOrchestrator.java:54)\n\tat org.junit.platform.launcher.core.DefaultLauncher.execute(DefaultLauncher.java:114)\n\tat org.junit.platform.launcher.core.DefaultLauncher.execute(DefaultLauncher.java:86)\n\tat org.junit.platform.launcher.core.DefaultLauncherSession$DelegatingLauncher.execute(DefaultLauncherSession.java:86)\n\tat org.junit.platform.launcher.core.SessionPerRequestLauncher.execute(SessionPerRequestLauncher.java:53)\n\tat org.apache.maven.surefire.junitplatform.JUnitPlatformProvider.execute(JUnitPlatformProvider.java:188)\n\tat org.apache.maven.surefire.junitplatform.JUnitPlatformProvider.invokeAllTests(JUnitPlatformProvider.java:154)\n\tat org.apache.maven.surefire.junitplatform.JUnitPlatformProvider.invoke(JUnitPlatformProvider.java:128)\n\tat org.apache.maven.surefire.booter.ForkedBooter.runSuitesInProcess(ForkedBooter.java:428)\n\tat org.apache.maven.surefire.booter.ForkedBooter.execute(ForkedBooter.java:162)\n\tat org.apache.maven.surefire.booter.ForkedBooter.run(ForkedBooter.java:562)\n\tat org.apache.maven.surefire.booter.ForkedBooter.main(ForkedBooter.java:548)\n"}
{"@timestamp":"2023-12-18T19:23:26.838+08:00","@version":1,"message":"The key ID in the access token does not match any JWK","logger_name":"com.paiondata.astraios.web.filters.oauth.ES384JwtTokenValidator","thread_name":"main","level":"ERROR","level_value":40000,"stack_trace":"com.auth0.jwk.JwkException: \n\tat org.codehaus.groovy.vmplugin.v8.IndyInterface.fromCache(IndyInterface.java:318)\n\tat com.paiondata.astraios.web.filters.oauth.ES384JwtTokenValidatorSpec$__spock_feature_0_4_closure1.doCall(ES384JwtTokenValidatorSpec.groovy:69)\n\tat java.base/jdk.internal.reflect.NativeMethodAccessorImpl.invoke0(Native Method)\n\tat java.base/jdk.internal.reflect.NativeMethodAccessorImpl.invoke(NativeMethodAccessorImpl.java:77)\n\tat java.base/jdk.internal.reflect.DelegatingMethodAccessorImpl.invoke(DelegatingMethodAccessorImpl.java:43)\n\tat java.base/java.lang.reflect.Method.invoke(Method.java:568)\n\tat org.codehaus.groovy.reflection.CachedMethod.invoke(CachedMethod.java:343)\n\tat groovy.lang.MetaMethod.doMethodInvoke(MetaMethod.java:328)\n\tat org.codehaus.groovy.runtime.metaclass.ClosureMetaClass.invokeMethod(ClosureMetaClass.java:279)\n\tat groovy.lang.MetaClassImpl.invokeMethod(MetaClassImpl.java:1009)\n\tat groovy.lang.Closure.call(Closure.java:418)\n\tat org.spockframework.runtime.GroovyRuntimeUtil.invokeClosure(GroovyRuntimeUtil.java:200)\n\tat org.spockframework.mock.response.CodeResponseGenerator.invokeClosure(CodeResponseGenerator.java:54)\n\tat org.spockframework.mock.response.CodeResponseGenerator.doRespond(CodeResponseGenerator.java:37)\n\tat org.spockframework.mock.response.SingleResponseGenerator.respond(SingleResponseGenerator.java:32)\n\tat org.spockframework.mock.response.ResponseGeneratorChain.respond(ResponseGeneratorChain.java:44)\n\tat org.spockframework.mock.runtime.MockInteraction.accept(MockInteraction.java:73)\n\tat org.spockframework.mock.runtime.MockInteractionDecorator.accept(MockInteractionDecorator.java:50)\n\tat org.spockframework.mock.runtime.InteractionScope$1.accept(InteractionScope.java:57)\n\tat org.spockframework.mock.runtime.MockController.handle(MockController.java:40)\n\tat org.spockframework.mock.runtime.JavaMockInterceptor.intercept(JavaMockInterceptor.java:86)\n\tat org.spockframework.mock.runtime.DynamicProxyMockInterceptorAdapter.invoke(DynamicProxyMockInterceptorAdapter.java:36)\n\tat jdk.proxy2/jdk.proxy2.$Proxy25.get(Unknown Source)\n\tat com.paiondata.astraios.web.filters.oauth.ES384JwtTokenValidator.getJwk(ES384JwtTokenValidator.java:143)\n\tat org.codehaus.groovy.vmplugin.v8.IndyInterface.fromCache(IndyInterface.java:318)\n\tat com.paiondata.astraios.web.filters.oauth.ES384JwtTokenValidatorSpec.$spock_feature_0_4(ES384JwtTokenValidatorSpec.groovy:72)\n\tat java.base/jdk.internal.reflect.NativeMethodAccessorImpl.invoke0(Native Method)\n\tat java.base/jdk.internal.reflect.NativeMethodAccessorImpl.invoke(NativeMethodAccessorImpl.java:77)\n\tat java.base/jdk.internal.reflect.DelegatingMethodAccessorImpl.invoke(DelegatingMethodAccessorImpl.java:43)\n\tat java.base/java.lang.reflect.Method.invoke(Method.java:568)\n\tat org.spockframework.util.ReflectionUtil.invokeMethod(ReflectionUtil.java:196)\n\tat org.spockframework.runtime.model.MethodInfo.lambda$new$0(MethodInfo.java:49)\n\tat org.spockframework.runtime.model.MethodInfo.invoke(MethodInfo.java:156)\n\tat org.spockframework.runtime.PlatformSpecRunner.invokeRaw(PlatformSpecRunner.java:407)\n\tat org.spockframework.runtime.PlatformSpecRunner.invoke(PlatformSpecRunner.java:390)\n\tat org.spockframework.runtime.PlatformSpecRunner.runFeatureMethod(PlatformSpecRunner.java:324)\n\tat org.spockframework.runtime.IterationNode.execute(IterationNode.java:50)\n\tat org.spockframework.runtime.SimpleFeatureNode.execute(SimpleFeatureNode.java:58)\n\tat org.spockframework.runtime.SimpleFeatureNode.execute(SimpleFeatureNode.java:15)\n\tat org.junit.platform.engine.support.hierarchical.NodeTestTask.lambda$executeRecursively$6(NodeTestTask.java:151)\n\tat org.junit.platform.engine.support.hierarchical.ThrowableCollector.execute(ThrowableCollector.java:73)\n\tat org.junit.platform.engine.support.hierarchical.NodeTestTask.lambda$executeRecursively$8(NodeTestTask.java:141)\n\tat org.spockframework.runtime.SpockNode.sneakyInvoke(SpockNode.java:40)\n\tat org.spockframework.runtime.IterationNode.lambda$around$0(IterationNode.java:67)\n\tat org.spockframework.runtime.PlatformSpecRunner.lambda$createMethodInfoForDoRunIteration$5(PlatformSpecRunner.java:236)\n\tat org.spockframework.runtime.model.MethodInfo.invoke(MethodInfo.java:156)\n\tat org.spockframework.runtime.PlatformSpecRunner.invokeRaw(PlatformSpecRunner.java:407)\n\tat org.spockframework.runtime.PlatformSpecRunner.invoke(PlatformSpecRunner.java:390)\n\tat org.spockframework.runtime.PlatformSpecRunner.runIteration(PlatformSpecRunner.java:218)\n\tat org.spockframework.runtime.IterationNode.around(IterationNode.java:67)\n\tat org.spockframework.runtime.SimpleFeatureNode.lambda$around$0(SimpleFeatureNode.java:52)\n\tat org.spockframework.runtime.SpockNode.sneakyInvoke(SpockNode.java:40)\n\tat org.spockframework.runtime.FeatureNode.lambda$around$0(FeatureNode.java:41)\n\tat org.spockframework.runtime.PlatformSpecRunner.lambda$createMethodInfoForDoRunFeature$4(PlatformSpecRunner.java:199)\n\tat org.spockframework.runtime.model.MethodInfo.invoke(MethodInfo.java:156)\n\tat org.spockframework.runtime.PlatformSpecRunner.invokeRaw(PlatformSpecRunner.java:407)\n\tat org.spockframework.runtime.PlatformSpecRunner.invoke(PlatformSpecRunner.java:390)\n\tat org.spockframework.runtime.PlatformSpecRunner.runFeature(PlatformSpecRunner.java:192)\n\tat org.spockframework.runtime.FeatureNode.around(FeatureNode.java:41)\n\tat org.spockframework.runtime.SimpleFeatureNode.around(SimpleFeatureNode.java:52)\n\tat org.spockframework.runtime.SimpleFeatureNode.around(SimpleFeatureNode.java:15)\n\tat org.junit.platform.engine.support.hierarchical.NodeTestTask.lambda$executeRecursively$9(NodeTestTask.java:139)\n\tat org.junit.platform.engine.support.hierarchical.ThrowableCollector.execute(ThrowableCollector.java:73)\n\tat org.junit.platform.engine.support.hierarchical.NodeTestTask.executeRecursively(NodeTestTask.java:138)\n\tat org.junit.platform.engine.support.hierarchical.NodeTestTask.execute(NodeTestTask.java:95)\n\tat java.base/java.util.ArrayList.forEach(ArrayList.java:1511)\n\tat org.junit.platform.engine.support.hierarchical.SameThreadHierarchicalTestExecutorService.invokeAll(SameThreadHierarchicalTestExecutorService.java:41)\n\tat org.junit.platform.engine.support.hierarchical.NodeTestTask.lambda$executeRecursively$6(NodeTestTask.java:155)\n\tat org.junit.platform.engine.support.hierarchical.ThrowableCollector.execute(ThrowableCollector.java:73)\n\tat org.junit.platform.engine.support.hierarchical.NodeTestTask.lambda$executeRecursively$8(NodeTestTask.java:141)\n\tat org.spockframework.runtime.SpockNode.sneakyInvoke(SpockNode.java:40)\n\tat org.spockframework.runtime.SpecNode.lambda$around$0(SpecNode.java:63)\n\tat org.spockframework.runtime.PlatformSpecRunner.lambda$createMethodInfoForDoRunSpec$0(PlatformSpecRunner.java:61)\n\tat org.spockframework.runtime.model.MethodInfo.invoke(MethodInfo.java:156)\n\tat org.spockframework.runtime.PlatformSpecRunner.invokeRaw(PlatformSpecRunner.java:407)\n\tat org.spockframework.runtime.PlatformSpecRunner.invoke(PlatformSpecRunner.java:390)\n\tat org.spockframework.runtime.PlatformSpecRunner.runSpec(PlatformSpecRunner.java:55)\n\tat org.spockframework.runtime.SpecNode.around(SpecNode.java:63)\n\tat org.spockframework.runtime.SpecNode.around(SpecNode.java:11)\n\tat org.junit.platform.engine.support.hierarchical.NodeTestTask.lambda$executeRecursively$9(NodeTestTask.java:139)\n\tat org.junit.platform.engine.support.hierarchical.ThrowableCollector.execute(ThrowableCollector.java:73)\n\tat org.junit.platform.engine.support.hierarchical.NodeTestTask.executeRecursively(NodeTestTask.java:138)\n\tat org.junit.platform.engine.support.hierarchical.NodeTestTask.execute(NodeTestTask.java:95)\n\tat java.base/java.util.ArrayList.forEach(ArrayList.java:1511)\n\tat org.junit.platform.engine.support.hierarchical.SameThreadHierarchicalTestExecutorService.invokeAll(SameThreadHierarchicalTestExecutorService.java:41)\n\tat org.junit.platform.engine.support.hierarchical.NodeTestTask.lambda$executeRecursively$6(NodeTestTask.java:155)\n\tat org.junit.platform.engine.support.hierarchical.ThrowableCollector.execute(ThrowableCollector.java:73)\n\tat org.junit.platform.engine.support.hierarchical.NodeTestTask.lambda$executeRecursively$8(NodeTestTask.java:141)\n\tat org.junit.platform.engine.support.hierarchical.Node.around(Node.java:137)\n\tat org.junit.platform.engine.support.hierarchical.NodeTestTask.lambda$executeRecursively$9(NodeTestTask.java:139)\n\tat org.junit.platform.engine.support.hierarchical.ThrowableCollector.execute(ThrowableCollector.java:73)\n\tat org.junit.platform.engine.support.hierarchical.NodeTestTask.executeRecursively(NodeTestTask.java:138)\n\tat org.junit.platform.engine.support.hierarchical.NodeTestTask.execute(NodeTestTask.java:95)\n\tat org.junit.platform.engine.support.hierarchical.SameThreadHierarchicalTestExecutorService.submit(SameThreadHierarchicalTestExecutorService.java:35)\n\tat org.junit.platform.engine.support.hierarchical.HierarchicalTestExecutor.execute(HierarchicalTestExecutor.java:57)\n\tat org.junit.platform.engine.support.hierarchical.HierarchicalTestEngine.execute(HierarchicalTestEngine.java:54)\n\tat org.junit.platform.launcher.core.EngineExecutionOrchestrator.execute(EngineExecutionOrchestrator.java:147)\n\tat org.junit.platform.launcher.core.EngineExecutionOrchestrator.execute(EngineExecutionOrchestrator.java:127)\n\tat org.junit.platform.launcher.core.EngineExecutionOrchestrator.execute(EngineExecutionOrchestrator.java:90)\n\tat org.junit.platform.launcher.core.EngineExecutionOrchestrator.lambda$execute$0(EngineExecutionOrchestrator.java:55)\n\tat org.junit.platform.launcher.core.EngineExecutionOrchestrator.withInterceptedStreams(EngineExecutionOrchestrator.java:102)\n\tat org.junit.platform.launcher.core.EngineExecutionOrchestrator.execute(EngineExecutionOrchestrator.java:54)\n\tat org.junit.platform.launcher.core.DefaultLauncher.execute(DefaultLauncher.java:114)\n\tat org.junit.platform.launcher.core.DefaultLauncher.execute(DefaultLauncher.java:86)\n\tat org.junit.platform.launcher.core.DefaultLauncherSession$DelegatingLauncher.execute(DefaultLauncherSession.java:86)\n\tat org.junit.platform.launcher.core.SessionPerRequestLauncher.execute(SessionPerRequestLauncher.java:53)\n\tat org.apache.maven.surefire.junitplatform.JUnitPlatformProvider.execute(JUnitPlatformProvider.java:188)\n\tat org.apache.maven.surefire.junitplatform.JUnitPlatformProvider.invokeAllTests(JUnitPlatformProvider.java:154)\n\tat org.apache.maven.surefire.junitplatform.JUnitPlatformProvider.invoke(JUnitPlatformProvider.java:128)\n\tat org.apache.maven.surefire.booter.ForkedBooter.runSuitesInProcess(ForkedBooter.java:428)\n\tat org.apache.maven.surefire.booter.ForkedBooter.execute(ForkedBooter.java:162)\n\tat org.apache.maven.surefire.booter.ForkedBooter.run(ForkedBooter.java:562)\n\tat org.apache.maven.surefire.booter.ForkedBooter.main(ForkedBooter.java:548)\n"}
{"@timestamp":"2023-12-18T19:23:27.337+08:00","@version":1,"message":"The public key cannot be build from JWK","logger_name":"com.paiondata.astraios.web.filters.oauth.ES384JwtTokenValidator","thread_name":"main","level":"ERROR","level_value":40000,"stack_trace":"com.auth0.jwk.InvalidPublicKeyException: \n\tat org.codehaus.groovy.vmplugin.v8.IndyInterface.fromCache(IndyInterface.java:318)\n\tat com.paiondata.astraios.web.filters.oauth.ES384JwtTokenValidatorSpec$__spock_feature_0_5_closure2.doCall(ES384JwtTokenValidatorSpec.groovy:83)\n\tat java.base/jdk.internal.reflect.NativeMethodAccessorImpl.invoke0(Native Method)\n\tat java.base/jdk.internal.reflect.NativeMethodAccessorImpl.invoke(NativeMethodAccessorImpl.java:77)\n\tat java.base/jdk.internal.reflect.DelegatingMethodAccessorImpl.invoke(DelegatingMethodAccessorImpl.java:43)\n\tat java.base/java.lang.reflect.Method.invoke(Method.java:568)\n\tat org.codehaus.groovy.reflection.CachedMethod.invoke(CachedMethod.java:343)\n\tat groovy.lang.MetaMethod.doMethodInvoke(MetaMethod.java:328)\n\tat org.codehaus.groovy.runtime.metaclass.ClosureMetaClass.invokeMethod(ClosureMetaClass.java:279)\n\tat groovy.lang.MetaClassImpl.invokeMethod(MetaClassImpl.java:1009)\n\tat groovy.lang.Closure.call(Closure.java:418)\n\tat org.spockframework.runtime.GroovyRuntimeUtil.invokeClosure(GroovyRuntimeUtil.java:200)\n\tat org.spockframework.mock.response.CodeResponseGenerator.invokeClosure(CodeResponseGenerator.java:54)\n\tat org.spockframework.mock.response.CodeResponseGenerator.doRespond(CodeResponseGenerator.java:37)\n\tat org.spockframework.mock.response.SingleResponseGenerator.respond(SingleResponseGenerator.java:32)\n\tat org.spockframework.mock.response.ResponseGeneratorChain.respond(ResponseGeneratorChain.java:44)\n\tat org.spockframework.mock.runtime.MockInteraction.accept(MockInteraction.java:73)\n\tat org.spockframework.mock.runtime.MockInteractionDecorator.accept(MockInteractionDecorator.java:50)\n\tat org.spockframework.mock.runtime.InteractionScope$1.accept(InteractionScope.java:57)\n\tat org.spockframework.mock.runtime.MockController.handle(MockController.java:40)\n\tat org.spockframework.mock.runtime.JavaMockInterceptor.intercept(JavaMockInterceptor.java:86)\n\tat org.spockframework.mock.runtime.ByteBuddyInterceptorAdapter.interceptNonAbstract(ByteBuddyInterceptorAdapter.java:35)\n\tat com.auth0.jwk.Jwk$SpockMock$1195814222.getPublicKey(Unknown Source)\n\tat com.paiondata.astraios.web.filters.oauth.ES384JwtTokenValidator.getVerificationAlgorithm(ES384JwtTokenValidator.java:162)\n\tat org.codehaus.groovy.vmplugin.v8.IndyInterface.fromCache(IndyInterface.java:318)\n\tat com.paiondata.astraios.web.filters.oauth.ES384JwtTokenValidatorSpec.$spock_feature_0_5(ES384JwtTokenValidatorSpec.groovy:86)\n\tat java.base/jdk.internal.reflect.NativeMethodAccessorImpl.invoke0(Native Method)\n\tat java.base/jdk.internal.reflect.NativeMethodAccessorImpl.invoke(NativeMethodAccessorImpl.java:77)\n\tat java.base/jdk.internal.reflect.DelegatingMethodAccessorImpl.invoke(DelegatingMethodAccessorImpl.java:43)\n\tat java.base/java.lang.reflect.Method.invoke(Method.java:568)\n\tat org.spockframework.util.ReflectionUtil.invokeMethod(ReflectionUtil.java:196)\n\tat org.spockframework.runtime.model.MethodInfo.lambda$new$0(MethodInfo.java:49)\n\tat org.spockframework.runtime.model.MethodInfo.invoke(MethodInfo.java:156)\n\tat org.spockframework.runtime.PlatformSpecRunner.invokeRaw(PlatformSpecRunner.java:407)\n\tat org.spockframework.runtime.PlatformSpecRunner.invoke(PlatformSpecRunner.java:390)\n\tat org.spockframework.runtime.PlatformSpecRunner.runFeatureMethod(PlatformSpecRunner.java:324)\n\tat org.spockframework.runtime.IterationNode.execute(IterationNode.java:50)\n\tat org.spockframework.runtime.SimpleFeatureNode.execute(SimpleFeatureNode.java:58)\n\tat org.spockframework.runtime.SimpleFeatureNode.execute(SimpleFeatureNode.java:15)\n\tat org.junit.platform.engine.support.hierarchical.NodeTestTask.lambda$executeRecursively$6(NodeTestTask.java:151)\n\tat org.junit.platform.engine.support.hierarchical.ThrowableCollector.execute(ThrowableCollector.java:73)\n\tat org.junit.platform.engine.support.hierarchical.NodeTestTask.lambda$executeRecursively$8(NodeTestTask.java:141)\n\tat org.spockframework.runtime.SpockNode.sneakyInvoke(SpockNode.java:40)\n\tat org.spockframework.runtime.IterationNode.lambda$around$0(IterationNode.java:67)\n\tat org.spockframework.runtime.PlatformSpecRunner.lambda$createMethodInfoForDoRunIteration$5(PlatformSpecRunner.java:236)\n\tat org.spockframework.runtime.model.MethodInfo.invoke(MethodInfo.java:156)\n\tat org.spockframework.runtime.PlatformSpecRunner.invokeRaw(PlatformSpecRunner.java:407)\n\tat org.spockframework.runtime.PlatformSpecRunner.invoke(PlatformSpecRunner.java:390)\n\tat org.spockframework.runtime.PlatformSpecRunner.runIteration(PlatformSpecRunner.java:218)\n\tat org.spockframework.runtime.IterationNode.around(IterationNode.java:67)\n\tat org.spockframework.runtime.SimpleFeatureNode.lambda$around$0(SimpleFeatureNode.java:52)\n\tat org.spockframework.runtime.SpockNode.sneakyInvoke(SpockNode.java:40)\n\tat org.spockframework.runtime.FeatureNode.lambda$around$0(FeatureNode.java:41)\n\tat org.spockframework.runtime.PlatformSpecRunner.lambda$createMethodInfoForDoRunFeature$4(PlatformSpecRunner.java:199)\n\tat org.spockframework.runtime.model.MethodInfo.invoke(MethodInfo.java:156)\n\tat org.spockframework.runtime.PlatformSpecRunner.invokeRaw(PlatformSpecRunner.java:407)\n\tat org.spockframework.runtime.PlatformSpecRunner.invoke(PlatformSpecRunner.java:390)\n\tat org.spockframework.runtime.PlatformSpecRunner.runFeature(PlatformSpecRunner.java:192)\n\tat org.spockframework.runtime.FeatureNode.around(FeatureNode.java:41)\n\tat org.spockframework.runtime.SimpleFeatureNode.around(SimpleFeatureNode.java:52)\n\tat org.spockframework.runtime.SimpleFeatureNode.around(SimpleFeatureNode.java:15)\n\tat org.junit.platform.engine.support.hierarchical.NodeTestTask.lambda$executeRecursively$9(NodeTestTask.java:139)\n\tat org.junit.platform.engine.support.hierarchical.ThrowableCollector.execute(ThrowableCollector.java:73)\n\tat org.junit.platform.engine.support.hierarchical.NodeTestTask.executeRecursively(NodeTestTask.java:138)\n\tat org.junit.platform.engine.support.hierarchical.NodeTestTask.execute(NodeTestTask.java:95)\n\tat java.base/java.util.ArrayList.forEach(ArrayList.java:1511)\n\tat org.junit.platform.engine.support.hierarchical.SameThreadHierarchicalTestExecutorService.invokeAll(SameThreadHierarchicalTestExecutorService.java:41)\n\tat org.junit.platform.engine.support.hierarchical.NodeTestTask.lambda$executeRecursively$6(NodeTestTask.java:155)\n\tat org.junit.platform.engine.support.hierarchical.ThrowableCollector.execute(ThrowableCollector.java:73)\n\tat org.junit.platform.engine.support.hierarchical.NodeTestTask.lambda$executeRecursively$8(NodeTestTask.java:141)\n\tat org.spockframework.runtime.SpockNode.sneakyInvoke(SpockNode.java:40)\n\tat org.spockframework.runtime.SpecNode.lambda$around$0(SpecNode.java:63)\n\tat org.spockframework.runtime.PlatformSpecRunner.lambda$createMethodInfoForDoRunSpec$0(PlatformSpecRunner.java:61)\n\tat org.spockframework.runtime.model.MethodInfo.invoke(MethodInfo.java:156)\n\tat org.spockframework.runtime.PlatformSpecRunner.invokeRaw(PlatformSpecRunner.java:407)\n\tat org.spockframework.runtime.PlatformSpecRunner.invoke(PlatformSpecRunner.java:390)\n\tat org.spockframework.runtime.PlatformSpecRunner.runSpec(PlatformSpecRunner.java:55)\n\tat org.spockframework.runtime.SpecNode.around(SpecNode.java:63)\n\tat org.spockframework.runtime.SpecNode.around(SpecNode.java:11)\n\tat org.junit.platform.engine.support.hierarchical.NodeTestTask.lambda$executeRecursively$9(NodeTestTask.java:139)\n\tat org.junit.platform.engine.support.hierarchical.ThrowableCollector.execute(ThrowableCollector.java:73)\n\tat org.junit.platform.engine.support.hierarchical.NodeTestTask.executeRecursively(NodeTestTask.java:138)\n\tat org.junit.platform.engine.support.hierarchical.NodeTestTask.execute(NodeTestTask.java:95)\n\tat java.base/java.util.ArrayList.forEach(ArrayList.java:1511)\n\tat org.junit.platform.engine.support.hierarchical.SameThreadHierarchicalTestExecutorService.invokeAll(SameThreadHierarchicalTestExecutorService.java:41)\n\tat org.junit.platform.engine.support.hierarchical.NodeTestTask.lambda$executeRecursively$6(NodeTestTask.java:155)\n\tat org.junit.platform.engine.support.hierarchical.ThrowableCollector.execute(ThrowableCollector.java:73)\n\tat org.junit.platform.engine.support.hierarchical.NodeTestTask.lambda$executeRecursively$8(NodeTestTask.java:141)\n\tat org.junit.platform.engine.support.hierarchical.Node.around(Node.java:137)\n\tat org.junit.platform.engine.support.hierarchical.NodeTestTask.lambda$executeRecursively$9(NodeTestTask.java:139)\n\tat org.junit.platform.engine.support.hierarchical.ThrowableCollector.execute(ThrowableCollector.java:73)\n\tat org.junit.platform.engine.support.hierarchical.NodeTestTask.executeRecursively(NodeTestTask.java:138)\n\tat org.junit.platform.engine.support.hierarchical.NodeTestTask.execute(NodeTestTask.java:95)\n\tat org.junit.platform.engine.support.hierarchical.SameThreadHierarchicalTestExecutorService.submit(SameThreadHierarchicalTestExecutorService.java:35)\n\tat org.junit.platform.engine.support.hierarchical.HierarchicalTestExecutor.execute(HierarchicalTestExecutor.java:57)\n\tat org.junit.platform.engine.support.hierarchical.HierarchicalTestEngine.execute(HierarchicalTestEngine.java:54)\n\tat org.junit.platform.launcher.core.EngineExecutionOrchestrator.execute(EngineExecutionOrchestrator.java:147)\n\tat org.junit.platform.launcher.core.EngineExecutionOrchestrator.execute(EngineExecutionOrchestrator.java:127)\n\tat org.junit.platform.launcher.core.EngineExecutionOrchestrator.execute(EngineExecutionOrchestrator.java:90)\n\tat org.junit.platform.launcher.core.EngineExecutionOrchestrator.lambda$execute$0(EngineExecutionOrchestrator.java:55)\n\tat org.junit.platform.launcher.core.EngineExecutionOrchestrator.withInterceptedStreams(EngineExecutionOrchestrator.java:102)\n\tat org.junit.platform.launcher.core.EngineExecutionOrchestrator.execute(EngineExecutionOrchestrator.java:54)\n\tat org.junit.platform.launcher.core.DefaultLauncher.execute(DefaultLauncher.java:114)\n\tat org.junit.platform.launcher.core.DefaultLauncher.execute(DefaultLauncher.java:86)\n\tat org.junit.platform.launcher.core.DefaultLauncherSession$DelegatingLauncher.execute(DefaultLauncherSession.java:86)\n\tat org.junit.platform.launcher.core.SessionPerRequestLauncher.execute(SessionPerRequestLauncher.java:53)\n\tat org.apache.maven.surefire.junitplatform.JUnitPlatformProvider.execute(JUnitPlatformProvider.java:188)\n\tat org.apache.maven.surefire.junitplatform.JUnitPlatformProvider.invokeAllTests(JUnitPlatformProvider.java:154)\n\tat org.apache.maven.surefire.junitplatform.JUnitPlatformProvider.invoke(JUnitPlatformProvider.java:128)\n\tat org.apache.maven.surefire.booter.ForkedBooter.runSuitesInProcess(ForkedBooter.java:428)\n\tat org.apache.maven.surefire.booter.ForkedBooter.execute(ForkedBooter.java:162)\n\tat org.apache.maven.surefire.booter.ForkedBooter.run(ForkedBooter.java:562)\n\tat org.apache.maven.surefire.booter.ForkedBooter.main(ForkedBooter.java:548)\n"}
{"@timestamp":"2023-12-18T20:45:50.722+08:00","@version":1,"message":"Invalid JWKS URL: 'www.url-with-no-protocol.com'","logger_name":"com.paiondata.astraios.web.filters.oauth.ES384JwtTokenValidator","thread_name":"main","level":"ERROR","level_value":40000,"stack_trace":"java.net.MalformedURLException: no protocol: www.url-with-no-protocol.com\n\tat java.base/java.net.URL.<init>(URL.java:674)\n\tat java.base/java.net.URL.<init>(URL.java:569)\n\tat java.base/java.net.URL.<init>(URL.java:516)\n\tat com.paiondata.astraios.web.filters.oauth.ES384JwtTokenValidator.getJwkProvider(ES384JwtTokenValidator.java:123)\n\tat org.codehaus.groovy.vmplugin.v8.IndyInterface.fromCache(IndyInterface.java:318)\n\tat com.paiondata.astraios.web.filters.oauth.ES384JwtTokenValidatorSpec.$spock_feature_0_3(ES384JwtTokenValidatorSpec.groovy:58)\n\tat java.base/jdk.internal.reflect.NativeMethodAccessorImpl.invoke0(Native Method)\n\tat java.base/jdk.internal.reflect.NativeMethodAccessorImpl.invoke(NativeMethodAccessorImpl.java:77)\n\tat java.base/jdk.internal.reflect.DelegatingMethodAccessorImpl.invoke(DelegatingMethodAccessorImpl.java:43)\n\tat java.base/java.lang.reflect.Method.invoke(Method.java:568)\n\tat org.spockframework.util.ReflectionUtil.invokeMethod(ReflectionUtil.java:196)\n\tat org.spockframework.runtime.model.MethodInfo.lambda$new$0(MethodInfo.java:49)\n\tat org.spockframework.runtime.model.MethodInfo.invoke(MethodInfo.java:156)\n\tat org.spockframework.runtime.PlatformSpecRunner.invokeRaw(PlatformSpecRunner.java:407)\n\tat org.spockframework.runtime.PlatformSpecRunner.invoke(PlatformSpecRunner.java:390)\n\tat org.spockframework.runtime.PlatformSpecRunner.runFeatureMethod(PlatformSpecRunner.java:324)\n\tat org.spockframework.runtime.IterationNode.execute(IterationNode.java:50)\n\tat org.spockframework.runtime.SimpleFeatureNode.execute(SimpleFeatureNode.java:58)\n\tat org.spockframework.runtime.SimpleFeatureNode.execute(SimpleFeatureNode.java:15)\n\tat org.junit.platform.engine.support.hierarchical.NodeTestTask.lambda$executeRecursively$6(NodeTestTask.java:151)\n\tat org.junit.platform.engine.support.hierarchical.ThrowableCollector.execute(ThrowableCollector.java:73)\n\tat org.junit.platform.engine.support.hierarchical.NodeTestTask.lambda$executeRecursively$8(NodeTestTask.java:141)\n\tat org.spockframework.runtime.SpockNode.sneakyInvoke(SpockNode.java:40)\n\tat org.spockframework.runtime.IterationNode.lambda$around$0(IterationNode.java:67)\n\tat org.spockframework.runtime.PlatformSpecRunner.lambda$createMethodInfoForDoRunIteration$5(PlatformSpecRunner.java:236)\n\tat org.spockframework.runtime.model.MethodInfo.invoke(MethodInfo.java:156)\n\tat org.spockframework.runtime.PlatformSpecRunner.invokeRaw(PlatformSpecRunner.java:407)\n\tat org.spockframework.runtime.PlatformSpecRunner.invoke(PlatformSpecRunner.java:390)\n\tat org.spockframework.runtime.PlatformSpecRunner.runIteration(PlatformSpecRunner.java:218)\n\tat org.spockframework.runtime.IterationNode.around(IterationNode.java:67)\n\tat org.spockframework.runtime.SimpleFeatureNode.lambda$around$0(SimpleFeatureNode.java:52)\n\tat org.spockframework.runtime.SpockNode.sneakyInvoke(SpockNode.java:40)\n\tat org.spockframework.runtime.FeatureNode.lambda$around$0(FeatureNode.java:41)\n\tat org.spockframework.runtime.PlatformSpecRunner.lambda$createMethodInfoForDoRunFeature$4(PlatformSpecRunner.java:199)\n\tat org.spockframework.runtime.model.MethodInfo.invoke(MethodInfo.java:156)\n\tat org.spockframework.runtime.PlatformSpecRunner.invokeRaw(PlatformSpecRunner.java:407)\n\tat org.spockframework.runtime.PlatformSpecRunner.invoke(PlatformSpecRunner.java:390)\n\tat org.spockframework.runtime.PlatformSpecRunner.runFeature(PlatformSpecRunner.java:192)\n\tat org.spockframework.runtime.FeatureNode.around(FeatureNode.java:41)\n\tat org.spockframework.runtime.SimpleFeatureNode.around(SimpleFeatureNode.java:52)\n\tat org.spockframework.runtime.SimpleFeatureNode.around(SimpleFeatureNode.java:15)\n\tat org.junit.platform.engine.support.hierarchical.NodeTestTask.lambda$executeRecursively$9(NodeTestTask.java:139)\n\tat org.junit.platform.engine.support.hierarchical.ThrowableCollector.execute(ThrowableCollector.java:73)\n\tat org.junit.platform.engine.support.hierarchical.NodeTestTask.executeRecursively(NodeTestTask.java:138)\n\tat org.junit.platform.engine.support.hierarchical.NodeTestTask.execute(NodeTestTask.java:95)\n\tat java.base/java.util.ArrayList.forEach(ArrayList.java:1511)\n\tat org.junit.platform.engine.support.hierarchical.SameThreadHierarchicalTestExecutorService.invokeAll(SameThreadHierarchicalTestExecutorService.java:41)\n\tat org.junit.platform.engine.support.hierarchical.NodeTestTask.lambda$executeRecursively$6(NodeTestTask.java:155)\n\tat org.junit.platform.engine.support.hierarchical.ThrowableCollector.execute(ThrowableCollector.java:73)\n\tat org.junit.platform.engine.support.hierarchical.NodeTestTask.lambda$executeRecursively$8(NodeTestTask.java:141)\n\tat org.spockframework.runtime.SpockNode.sneakyInvoke(SpockNode.java:40)\n\tat org.spockframework.runtime.SpecNode.lambda$around$0(SpecNode.java:63)\n\tat org.spockframework.runtime.PlatformSpecRunner.lambda$createMethodInfoForDoRunSpec$0(PlatformSpecRunner.java:61)\n\tat org.spockframework.runtime.model.MethodInfo.invoke(MethodInfo.java:156)\n\tat org.spockframework.runtime.PlatformSpecRunner.invokeRaw(PlatformSpecRunner.java:407)\n\tat org.spockframework.runtime.PlatformSpecRunner.invoke(PlatformSpecRunner.java:390)\n\tat org.spockframework.runtime.PlatformSpecRunner.runSpec(PlatformSpecRunner.java:55)\n\tat org.spockframework.runtime.SpecNode.around(SpecNode.java:63)\n\tat org.spockframework.runtime.SpecNode.around(SpecNode.java:11)\n\tat org.junit.platform.engine.support.hierarchical.NodeTestTask.lambda$executeRecursively$9(NodeTestTask.java:139)\n\tat org.junit.platform.engine.support.hierarchical.ThrowableCollector.execute(ThrowableCollector.java:73)\n\tat org.junit.platform.engine.support.hierarchical.NodeTestTask.executeRecursively(NodeTestTask.java:138)\n\tat org.junit.platform.engine.support.hierarchical.NodeTestTask.execute(NodeTestTask.java:95)\n\tat java.base/java.util.ArrayList.forEach(ArrayList.java:1511)\n\tat org.junit.platform.engine.support.hierarchical.SameThreadHierarchicalTestExecutorService.invokeAll(SameThreadHierarchicalTestExecutorService.java:41)\n\tat org.junit.platform.engine.support.hierarchical.NodeTestTask.lambda$executeRecursively$6(NodeTestTask.java:155)\n\tat org.junit.platform.engine.support.hierarchical.ThrowableCollector.execute(ThrowableCollector.java:73)\n\tat org.junit.platform.engine.support.hierarchical.NodeTestTask.lambda$executeRecursively$8(NodeTestTask.java:141)\n\tat org.junit.platform.engine.support.hierarchical.Node.around(Node.java:137)\n\tat org.junit.platform.engine.support.hierarchical.NodeTestTask.lambda$executeRecursively$9(NodeTestTask.java:139)\n\tat org.junit.platform.engine.support.hierarchical.ThrowableCollector.execute(ThrowableCollector.java:73)\n\tat org.junit.platform.engine.support.hierarchical.NodeTestTask.executeRecursively(NodeTestTask.java:138)\n\tat org.junit.platform.engine.support.hierarchical.NodeTestTask.execute(NodeTestTask.java:95)\n\tat org.junit.platform.engine.support.hierarchical.SameThreadHierarchicalTestExecutorService.submit(SameThreadHierarchicalTestExecutorService.java:35)\n\tat org.junit.platform.engine.support.hierarchical.HierarchicalTestExecutor.execute(HierarchicalTestExecutor.java:57)\n\tat org.junit.platform.engine.support.hierarchical.HierarchicalTestEngine.execute(HierarchicalTestEngine.java:54)\n\tat org.junit.platform.launcher.core.EngineExecutionOrchestrator.execute(EngineExecutionOrchestrator.java:147)\n\tat org.junit.platform.launcher.core.EngineExecutionOrchestrator.execute(EngineExecutionOrchestrator.java:127)\n\tat org.junit.platform.launcher.core.EngineExecutionOrchestrator.execute(EngineExecutionOrchestrator.java:90)\n\tat org.junit.platform.launcher.core.EngineExecutionOrchestrator.lambda$execute$0(EngineExecutionOrchestrator.java:55)\n\tat org.junit.platform.launcher.core.EngineExecutionOrchestrator.withInterceptedStreams(EngineExecutionOrchestrator.java:102)\n\tat org.junit.platform.launcher.core.EngineExecutionOrchestrator.execute(EngineExecutionOrchestrator.java:54)\n\tat org.junit.platform.launcher.core.DefaultLauncher.execute(DefaultLauncher.java:114)\n\tat org.junit.platform.launcher.core.DefaultLauncher.execute(DefaultLauncher.java:86)\n\tat org.junit.platform.launcher.core.DefaultLauncherSession$DelegatingLauncher.execute(DefaultLauncherSession.java:86)\n\tat org.junit.platform.launcher.core.SessionPerRequestLauncher.execute(SessionPerRequestLauncher.java:53)\n\tat org.apache.maven.surefire.junitplatform.JUnitPlatformProvider.execute(JUnitPlatformProvider.java:188)\n\tat org.apache.maven.surefire.junitplatform.JUnitPlatformProvider.invokeAllTests(JUnitPlatformProvider.java:154)\n\tat org.apache.maven.surefire.junitplatform.JUnitPlatformProvider.invoke(JUnitPlatformProvider.java:128)\n\tat org.apache.maven.surefire.booter.ForkedBooter.runSuitesInProcess(ForkedBooter.java:428)\n\tat org.apache.maven.surefire.booter.ForkedBooter.execute(ForkedBooter.java:162)\n\tat org.apache.maven.surefire.booter.ForkedBooter.run(ForkedBooter.java:562)\n\tat org.apache.maven.surefire.booter.ForkedBooter.main(ForkedBooter.java:548)\n"}
{"@timestamp":"2023-12-18T20:45:50.832+08:00","@version":1,"message":"The key ID in the access token does not match any JWK","logger_name":"com.paiondata.astraios.web.filters.oauth.ES384JwtTokenValidator","thread_name":"main","level":"ERROR","level_value":40000,"stack_trace":"com.auth0.jwk.JwkException: \n\tat org.codehaus.groovy.vmplugin.v8.IndyInterface.fromCache(IndyInterface.java:318)\n\tat com.paiondata.astraios.web.filters.oauth.ES384JwtTokenValidatorSpec$__spock_feature_0_4_closure1.doCall(ES384JwtTokenValidatorSpec.groovy:69)\n\tat java.base/jdk.internal.reflect.NativeMethodAccessorImpl.invoke0(Native Method)\n\tat java.base/jdk.internal.reflect.NativeMethodAccessorImpl.invoke(NativeMethodAccessorImpl.java:77)\n\tat java.base/jdk.internal.reflect.DelegatingMethodAccessorImpl.invoke(DelegatingMethodAccessorImpl.java:43)\n\tat java.base/java.lang.reflect.Method.invoke(Method.java:568)\n\tat org.codehaus.groovy.reflection.CachedMethod.invoke(CachedMethod.java:343)\n\tat groovy.lang.MetaMethod.doMethodInvoke(MetaMethod.java:328)\n\tat org.codehaus.groovy.runtime.metaclass.ClosureMetaClass.invokeMethod(ClosureMetaClass.java:279)\n\tat groovy.lang.MetaClassImpl.invokeMethod(MetaClassImpl.java:1009)\n\tat groovy.lang.Closure.call(Closure.java:418)\n\tat org.spockframework.runtime.GroovyRuntimeUtil.invokeClosure(GroovyRuntimeUtil.java:200)\n\tat org.spockframework.mock.response.CodeResponseGenerator.invokeClosure(CodeResponseGenerator.java:54)\n\tat org.spockframework.mock.response.CodeResponseGenerator.doRespond(CodeResponseGenerator.java:37)\n\tat org.spockframework.mock.response.SingleResponseGenerator.respond(SingleResponseGenerator.java:32)\n\tat org.spockframework.mock.response.ResponseGeneratorChain.respond(ResponseGeneratorChain.java:44)\n\tat org.spockframework.mock.runtime.MockInteraction.accept(MockInteraction.java:73)\n\tat org.spockframework.mock.runtime.MockInteractionDecorator.accept(MockInteractionDecorator.java:50)\n\tat org.spockframework.mock.runtime.InteractionScope$1.accept(InteractionScope.java:57)\n\tat org.spockframework.mock.runtime.MockController.handle(MockController.java:40)\n\tat org.spockframework.mock.runtime.JavaMockInterceptor.intercept(JavaMockInterceptor.java:86)\n\tat org.spockframework.mock.runtime.DynamicProxyMockInterceptorAdapter.invoke(DynamicProxyMockInterceptorAdapter.java:36)\n\tat jdk.proxy2/jdk.proxy2.$Proxy25.get(Unknown Source)\n\tat com.paiondata.astraios.web.filters.oauth.ES384JwtTokenValidator.getJwk(ES384JwtTokenValidator.java:143)\n\tat org.codehaus.groovy.vmplugin.v8.IndyInterface.fromCache(IndyInterface.java:318)\n\tat com.paiondata.astraios.web.filters.oauth.ES384JwtTokenValidatorSpec.$spock_feature_0_4(ES384JwtTokenValidatorSpec.groovy:72)\n\tat java.base/jdk.internal.reflect.NativeMethodAccessorImpl.invoke0(Native Method)\n\tat java.base/jdk.internal.reflect.NativeMethodAccessorImpl.invoke(NativeMethodAccessorImpl.java:77)\n\tat java.base/jdk.internal.reflect.DelegatingMethodAccessorImpl.invoke(DelegatingMethodAccessorImpl.java:43)\n\tat java.base/java.lang.reflect.Method.invoke(Method.java:568)\n\tat org.spockframework.util.ReflectionUtil.invokeMethod(ReflectionUtil.java:196)\n\tat org.spockframework.runtime.model.MethodInfo.lambda$new$0(MethodInfo.java:49)\n\tat org.spockframework.runtime.model.MethodInfo.invoke(MethodInfo.java:156)\n\tat org.spockframework.runtime.PlatformSpecRunner.invokeRaw(PlatformSpecRunner.java:407)\n\tat org.spockframework.runtime.PlatformSpecRunner.invoke(PlatformSpecRunner.java:390)\n\tat org.spockframework.runtime.PlatformSpecRunner.runFeatureMethod(PlatformSpecRunner.java:324)\n\tat org.spockframework.runtime.IterationNode.execute(IterationNode.java:50)\n\tat org.spockframework.runtime.SimpleFeatureNode.execute(SimpleFeatureNode.java:58)\n\tat org.spockframework.runtime.SimpleFeatureNode.execute(SimpleFeatureNode.java:15)\n\tat org.junit.platform.engine.support.hierarchical.NodeTestTask.lambda$executeRecursively$6(NodeTestTask.java:151)\n\tat org.junit.platform.engine.support.hierarchical.ThrowableCollector.execute(ThrowableCollector.java:73)\n\tat org.junit.platform.engine.support.hierarchical.NodeTestTask.lambda$executeRecursively$8(NodeTestTask.java:141)\n\tat org.spockframework.runtime.SpockNode.sneakyInvoke(SpockNode.java:40)\n\tat org.spockframework.runtime.IterationNode.lambda$around$0(IterationNode.java:67)\n\tat org.spockframework.runtime.PlatformSpecRunner.lambda$createMethodInfoForDoRunIteration$5(PlatformSpecRunner.java:236)\n\tat org.spockframework.runtime.model.MethodInfo.invoke(MethodInfo.java:156)\n\tat org.spockframework.runtime.PlatformSpecRunner.invokeRaw(PlatformSpecRunner.java:407)\n\tat org.spockframework.runtime.PlatformSpecRunner.invoke(PlatformSpecRunner.java:390)\n\tat org.spockframework.runtime.PlatformSpecRunner.runIteration(PlatformSpecRunner.java:218)\n\tat org.spockframework.runtime.IterationNode.around(IterationNode.java:67)\n\tat org.spockframework.runtime.SimpleFeatureNode.lambda$around$0(SimpleFeatureNode.java:52)\n\tat org.spockframework.runtime.SpockNode.sneakyInvoke(SpockNode.java:40)\n\tat org.spockframework.runtime.FeatureNode.lambda$around$0(FeatureNode.java:41)\n\tat org.spockframework.runtime.PlatformSpecRunner.lambda$createMethodInfoForDoRunFeature$4(PlatformSpecRunner.java:199)\n\tat org.spockframework.runtime.model.MethodInfo.invoke(MethodInfo.java:156)\n\tat org.spockframework.runtime.PlatformSpecRunner.invokeRaw(PlatformSpecRunner.java:407)\n\tat org.spockframework.runtime.PlatformSpecRunner.invoke(PlatformSpecRunner.java:390)\n\tat org.spockframework.runtime.PlatformSpecRunner.runFeature(PlatformSpecRunner.java:192)\n\tat org.spockframework.runtime.FeatureNode.around(FeatureNode.java:41)\n\tat org.spockframework.runtime.SimpleFeatureNode.around(SimpleFeatureNode.java:52)\n\tat org.spockframework.runtime.SimpleFeatureNode.around(SimpleFeatureNode.java:15)\n\tat org.junit.platform.engine.support.hierarchical.NodeTestTask.lambda$executeRecursively$9(NodeTestTask.java:139)\n\tat org.junit.platform.engine.support.hierarchical.ThrowableCollector.execute(ThrowableCollector.java:73)\n\tat org.junit.platform.engine.support.hierarchical.NodeTestTask.executeRecursively(NodeTestTask.java:138)\n\tat org.junit.platform.engine.support.hierarchical.NodeTestTask.execute(NodeTestTask.java:95)\n\tat java.base/java.util.ArrayList.forEach(ArrayList.java:1511)\n\tat org.junit.platform.engine.support.hierarchical.SameThreadHierarchicalTestExecutorService.invokeAll(SameThreadHierarchicalTestExecutorService.java:41)\n\tat org.junit.platform.engine.support.hierarchical.NodeTestTask.lambda$executeRecursively$6(NodeTestTask.java:155)\n\tat org.junit.platform.engine.support.hierarchical.ThrowableCollector.execute(ThrowableCollector.java:73)\n\tat org.junit.platform.engine.support.hierarchical.NodeTestTask.lambda$executeRecursively$8(NodeTestTask.java:141)\n\tat org.spockframework.runtime.SpockNode.sneakyInvoke(SpockNode.java:40)\n\tat org.spockframework.runtime.SpecNode.lambda$around$0(SpecNode.java:63)\n\tat org.spockframework.runtime.PlatformSpecRunner.lambda$createMethodInfoForDoRunSpec$0(PlatformSpecRunner.java:61)\n\tat org.spockframework.runtime.model.MethodInfo.invoke(MethodInfo.java:156)\n\tat org.spockframework.runtime.PlatformSpecRunner.invokeRaw(PlatformSpecRunner.java:407)\n\tat org.spockframework.runtime.PlatformSpecRunner.invoke(PlatformSpecRunner.java:390)\n\tat org.spockframework.runtime.PlatformSpecRunner.runSpec(PlatformSpecRunner.java:55)\n\tat org.spockframework.runtime.SpecNode.around(SpecNode.java:63)\n\tat org.spockframework.runtime.SpecNode.around(SpecNode.java:11)\n\tat org.junit.platform.engine.support.hierarchical.NodeTestTask.lambda$executeRecursively$9(NodeTestTask.java:139)\n\tat org.junit.platform.engine.support.hierarchical.ThrowableCollector.execute(ThrowableCollector.java:73)\n\tat org.junit.platform.engine.support.hierarchical.NodeTestTask.executeRecursively(NodeTestTask.java:138)\n\tat org.junit.platform.engine.support.hierarchical.NodeTestTask.execute(NodeTestTask.java:95)\n\tat java.base/java.util.ArrayList.forEach(ArrayList.java:1511)\n\tat org.junit.platform.engine.support.hierarchical.SameThreadHierarchicalTestExecutorService.invokeAll(SameThreadHierarchicalTestExecutorService.java:41)\n\tat org.junit.platform.engine.support.hierarchical.NodeTestTask.lambda$executeRecursively$6(NodeTestTask.java:155)\n\tat org.junit.platform.engine.support.hierarchical.ThrowableCollector.execute(ThrowableCollector.java:73)\n\tat org.junit.platform.engine.support.hierarchical.NodeTestTask.lambda$executeRecursively$8(NodeTestTask.java:141)\n\tat org.junit.platform.engine.support.hierarchical.Node.around(Node.java:137)\n\tat org.junit.platform.engine.support.hierarchical.NodeTestTask.lambda$executeRecursively$9(NodeTestTask.java:139)\n\tat org.junit.platform.engine.support.hierarchical.ThrowableCollector.execute(ThrowableCollector.java:73)\n\tat org.junit.platform.engine.support.hierarchical.NodeTestTask.executeRecursively(NodeTestTask.java:138)\n\tat org.junit.platform.engine.support.hierarchical.NodeTestTask.execute(NodeTestTask.java:95)\n\tat org.junit.platform.engine.support.hierarchical.SameThreadHierarchicalTestExecutorService.submit(SameThreadHierarchicalTestExecutorService.java:35)\n\tat org.junit.platform.engine.support.hierarchical.HierarchicalTestExecutor.execute(HierarchicalTestExecutor.java:57)\n\tat org.junit.platform.engine.support.hierarchical.HierarchicalTestEngine.execute(HierarchicalTestEngine.java:54)\n\tat org.junit.platform.launcher.core.EngineExecutionOrchestrator.execute(EngineExecutionOrchestrator.java:147)\n\tat org.junit.platform.launcher.core.EngineExecutionOrchestrator.execute(EngineExecutionOrchestrator.java:127)\n\tat org.junit.platform.launcher.core.EngineExecutionOrchestrator.execute(EngineExecutionOrchestrator.java:90)\n\tat org.junit.platform.launcher.core.EngineExecutionOrchestrator.lambda$execute$0(EngineExecutionOrchestrator.java:55)\n\tat org.junit.platform.launcher.core.EngineExecutionOrchestrator.withInterceptedStreams(EngineExecutionOrchestrator.java:102)\n\tat org.junit.platform.launcher.core.EngineExecutionOrchestrator.execute(EngineExecutionOrchestrator.java:54)\n\tat org.junit.platform.launcher.core.DefaultLauncher.execute(DefaultLauncher.java:114)\n\tat org.junit.platform.launcher.core.DefaultLauncher.execute(DefaultLauncher.java:86)\n\tat org.junit.platform.launcher.core.DefaultLauncherSession$DelegatingLauncher.execute(DefaultLauncherSession.java:86)\n\tat org.junit.platform.launcher.core.SessionPerRequestLauncher.execute(SessionPerRequestLauncher.java:53)\n\tat org.apache.maven.surefire.junitplatform.JUnitPlatformProvider.execute(JUnitPlatformProvider.java:188)\n\tat org.apache.maven.surefire.junitplatform.JUnitPlatformProvider.invokeAllTests(JUnitPlatformProvider.java:154)\n\tat org.apache.maven.surefire.junitplatform.JUnitPlatformProvider.invoke(JUnitPlatformProvider.java:128)\n\tat org.apache.maven.surefire.booter.ForkedBooter.runSuitesInProcess(ForkedBooter.java:428)\n\tat org.apache.maven.surefire.booter.ForkedBooter.execute(ForkedBooter.java:162)\n\tat org.apache.maven.surefire.booter.ForkedBooter.run(ForkedBooter.java:562)\n\tat org.apache.maven.surefire.booter.ForkedBooter.main(ForkedBooter.java:548)\n"}
{"@timestamp":"2023-12-18T20:45:51.387+08:00","@version":1,"message":"The public key cannot be build from JWK","logger_name":"com.paiondata.astraios.web.filters.oauth.ES384JwtTokenValidator","thread_name":"main","level":"ERROR","level_value":40000,"stack_trace":"com.auth0.jwk.InvalidPublicKeyException: \n\tat org.codehaus.groovy.vmplugin.v8.IndyInterface.fromCache(IndyInterface.java:318)\n\tat com.paiondata.astraios.web.filters.oauth.ES384JwtTokenValidatorSpec$__spock_feature_0_5_closure2.doCall(ES384JwtTokenValidatorSpec.groovy:83)\n\tat java.base/jdk.internal.reflect.NativeMethodAccessorImpl.invoke0(Native Method)\n\tat java.base/jdk.internal.reflect.NativeMethodAccessorImpl.invoke(NativeMethodAccessorImpl.java:77)\n\tat java.base/jdk.internal.reflect.DelegatingMethodAccessorImpl.invoke(DelegatingMethodAccessorImpl.java:43)\n\tat java.base/java.lang.reflect.Method.invoke(Method.java:568)\n\tat org.codehaus.groovy.reflection.CachedMethod.invoke(CachedMethod.java:343)\n\tat groovy.lang.MetaMethod.doMethodInvoke(MetaMethod.java:328)\n\tat org.codehaus.groovy.runtime.metaclass.ClosureMetaClass.invokeMethod(ClosureMetaClass.java:279)\n\tat groovy.lang.MetaClassImpl.invokeMethod(MetaClassImpl.java:1009)\n\tat groovy.lang.Closure.call(Closure.java:418)\n\tat org.spockframework.runtime.GroovyRuntimeUtil.invokeClosure(GroovyRuntimeUtil.java:200)\n\tat org.spockframework.mock.response.CodeResponseGenerator.invokeClosure(CodeResponseGenerator.java:54)\n\tat org.spockframework.mock.response.CodeResponseGenerator.doRespond(CodeResponseGenerator.java:37)\n\tat org.spockframework.mock.response.SingleResponseGenerator.respond(SingleResponseGenerator.java:32)\n\tat org.spockframework.mock.response.ResponseGeneratorChain.respond(ResponseGeneratorChain.java:44)\n\tat org.spockframework.mock.runtime.MockInteraction.accept(MockInteraction.java:73)\n\tat org.spockframework.mock.runtime.MockInteractionDecorator.accept(MockInteractionDecorator.java:50)\n\tat org.spockframework.mock.runtime.InteractionScope$1.accept(InteractionScope.java:57)\n\tat org.spockframework.mock.runtime.MockController.handle(MockController.java:40)\n\tat org.spockframework.mock.runtime.JavaMockInterceptor.intercept(JavaMockInterceptor.java:86)\n\tat org.spockframework.mock.runtime.ByteBuddyInterceptorAdapter.interceptNonAbstract(ByteBuddyInterceptorAdapter.java:35)\n\tat com.auth0.jwk.Jwk$SpockMock$163045683.getPublicKey(Unknown Source)\n\tat com.paiondata.astraios.web.filters.oauth.ES384JwtTokenValidator.getVerificationAlgorithm(ES384JwtTokenValidator.java:162)\n\tat org.codehaus.groovy.vmplugin.v8.IndyInterface.fromCache(IndyInterface.java:318)\n\tat com.paiondata.astraios.web.filters.oauth.ES384JwtTokenValidatorSpec.$spock_feature_0_5(ES384JwtTokenValidatorSpec.groovy:86)\n\tat java.base/jdk.internal.reflect.NativeMethodAccessorImpl.invoke0(Native Method)\n\tat java.base/jdk.internal.reflect.NativeMethodAccessorImpl.invoke(NativeMethodAccessorImpl.java:77)\n\tat java.base/jdk.internal.reflect.DelegatingMethodAccessorImpl.invoke(DelegatingMethodAccessorImpl.java:43)\n\tat java.base/java.lang.reflect.Method.invoke(Method.java:568)\n\tat org.spockframework.util.ReflectionUtil.invokeMethod(ReflectionUtil.java:196)\n\tat org.spockframework.runtime.model.MethodInfo.lambda$new$0(MethodInfo.java:49)\n\tat org.spockframework.runtime.model.MethodInfo.invoke(MethodInfo.java:156)\n\tat org.spockframework.runtime.PlatformSpecRunner.invokeRaw(PlatformSpecRunner.java:407)\n\tat org.spockframework.runtime.PlatformSpecRunner.invoke(PlatformSpecRunner.java:390)\n\tat org.spockframework.runtime.PlatformSpecRunner.runFeatureMethod(PlatformSpecRunner.java:324)\n\tat org.spockframework.runtime.IterationNode.execute(IterationNode.java:50)\n\tat org.spockframework.runtime.SimpleFeatureNode.execute(SimpleFeatureNode.java:58)\n\tat org.spockframework.runtime.SimpleFeatureNode.execute(SimpleFeatureNode.java:15)\n\tat org.junit.platform.engine.support.hierarchical.NodeTestTask.lambda$executeRecursively$6(NodeTestTask.java:151)\n\tat org.junit.platform.engine.support.hierarchical.ThrowableCollector.execute(ThrowableCollector.java:73)\n\tat org.junit.platform.engine.support.hierarchical.NodeTestTask.lambda$executeRecursively$8(NodeTestTask.java:141)\n\tat org.spockframework.runtime.SpockNode.sneakyInvoke(SpockNode.java:40)\n\tat org.spockframework.runtime.IterationNode.lambda$around$0(IterationNode.java:67)\n\tat org.spockframework.runtime.PlatformSpecRunner.lambda$createMethodInfoForDoRunIteration$5(PlatformSpecRunner.java:236)\n\tat org.spockframework.runtime.model.MethodInfo.invoke(MethodInfo.java:156)\n\tat org.spockframework.runtime.PlatformSpecRunner.invokeRaw(PlatformSpecRunner.java:407)\n\tat org.spockframework.runtime.PlatformSpecRunner.invoke(PlatformSpecRunner.java:390)\n\tat org.spockframework.runtime.PlatformSpecRunner.runIteration(PlatformSpecRunner.java:218)\n\tat org.spockframework.runtime.IterationNode.around(IterationNode.java:67)\n\tat org.spockframework.runtime.SimpleFeatureNode.lambda$around$0(SimpleFeatureNode.java:52)\n\tat org.spockframework.runtime.SpockNode.sneakyInvoke(SpockNode.java:40)\n\tat org.spockframework.runtime.FeatureNode.lambda$around$0(FeatureNode.java:41)\n\tat org.spockframework.runtime.PlatformSpecRunner.lambda$createMethodInfoForDoRunFeature$4(PlatformSpecRunner.java:199)\n\tat org.spockframework.runtime.model.MethodInfo.invoke(MethodInfo.java:156)\n\tat org.spockframework.runtime.PlatformSpecRunner.invokeRaw(PlatformSpecRunner.java:407)\n\tat org.spockframework.runtime.PlatformSpecRunner.invoke(PlatformSpecRunner.java:390)\n\tat org.spockframework.runtime.PlatformSpecRunner.runFeature(PlatformSpecRunner.java:192)\n\tat org.spockframework.runtime.FeatureNode.around(FeatureNode.java:41)\n\tat org.spockframework.runtime.SimpleFeatureNode.around(SimpleFeatureNode.java:52)\n\tat org.spockframework.runtime.SimpleFeatureNode.around(SimpleFeatureNode.java:15)\n\tat org.junit.platform.engine.support.hierarchical.NodeTestTask.lambda$executeRecursively$9(NodeTestTask.java:139)\n\tat org.junit.platform.engine.support.hierarchical.ThrowableCollector.execute(ThrowableCollector.java:73)\n\tat org.junit.platform.engine.support.hierarchical.NodeTestTask.executeRecursively(NodeTestTask.java:138)\n\tat org.junit.platform.engine.support.hierarchical.NodeTestTask.execute(NodeTestTask.java:95)\n\tat java.base/java.util.ArrayList.forEach(ArrayList.java:1511)\n\tat org.junit.platform.engine.support.hierarchical.SameThreadHierarchicalTestExecutorService.invokeAll(SameThreadHierarchicalTestExecutorService.java:41)\n\tat org.junit.platform.engine.support.hierarchical.NodeTestTask.lambda$executeRecursively$6(NodeTestTask.java:155)\n\tat org.junit.platform.engine.support.hierarchical.ThrowableCollector.execute(ThrowableCollector.java:73)\n\tat org.junit.platform.engine.support.hierarchical.NodeTestTask.lambda$executeRecursively$8(NodeTestTask.java:141)\n\tat org.spockframework.runtime.SpockNode.sneakyInvoke(SpockNode.java:40)\n\tat org.spockframework.runtime.SpecNode.lambda$around$0(SpecNode.java:63)\n\tat org.spockframework.runtime.PlatformSpecRunner.lambda$createMethodInfoForDoRunSpec$0(PlatformSpecRunner.java:61)\n\tat org.spockframework.runtime.model.MethodInfo.invoke(MethodInfo.java:156)\n\tat org.spockframework.runtime.PlatformSpecRunner.invokeRaw(PlatformSpecRunner.java:407)\n\tat org.spockframework.runtime.PlatformSpecRunner.invoke(PlatformSpecRunner.java:390)\n\tat org.spockframework.runtime.PlatformSpecRunner.runSpec(PlatformSpecRunner.java:55)\n\tat org.spockframework.runtime.SpecNode.around(SpecNode.java:63)\n\tat org.spockframework.runtime.SpecNode.around(SpecNode.java:11)\n\tat org.junit.platform.engine.support.hierarchical.NodeTestTask.lambda$executeRecursively$9(NodeTestTask.java:139)\n\tat org.junit.platform.engine.support.hierarchical.ThrowableCollector.execute(ThrowableCollector.java:73)\n\tat org.junit.platform.engine.support.hierarchical.NodeTestTask.executeRecursively(NodeTestTask.java:138)\n\tat org.junit.platform.engine.support.hierarchical.NodeTestTask.execute(NodeTestTask.java:95)\n\tat java.base/java.util.ArrayList.forEach(ArrayList.java:1511)\n\tat org.junit.platform.engine.support.hierarchical.SameThreadHierarchicalTestExecutorService.invokeAll(SameThreadHierarchicalTestExecutorService.java:41)\n\tat org.junit.platform.engine.support.hierarchical.NodeTestTask.lambda$executeRecursively$6(NodeTestTask.java:155)\n\tat org.junit.platform.engine.support.hierarchical.ThrowableCollector.execute(ThrowableCollector.java:73)\n\tat org.junit.platform.engine.support.hierarchical.NodeTestTask.lambda$executeRecursively$8(NodeTestTask.java:141)\n\tat org.junit.platform.engine.support.hierarchical.Node.around(Node.java:137)\n\tat org.junit.platform.engine.support.hierarchical.NodeTestTask.lambda$executeRecursively$9(NodeTestTask.java:139)\n\tat org.junit.platform.engine.support.hierarchical.ThrowableCollector.execute(ThrowableCollector.java:73)\n\tat org.junit.platform.engine.support.hierarchical.NodeTestTask.executeRecursively(NodeTestTask.java:138)\n\tat org.junit.platform.engine.support.hierarchical.NodeTestTask.execute(NodeTestTask.java:95)\n\tat org.junit.platform.engine.support.hierarchical.SameThreadHierarchicalTestExecutorService.submit(SameThreadHierarchicalTestExecutorService.java:35)\n\tat org.junit.platform.engine.support.hierarchical.HierarchicalTestExecutor.execute(HierarchicalTestExecutor.java:57)\n\tat org.junit.platform.engine.support.hierarchical.HierarchicalTestEngine.execute(HierarchicalTestEngine.java:54)\n\tat org.junit.platform.launcher.core.EngineExecutionOrchestrator.execute(EngineExecutionOrchestrator.java:147)\n\tat org.junit.platform.launcher.core.EngineExecutionOrchestrator.execute(EngineExecutionOrchestrator.java:127)\n\tat org.junit.platform.launcher.core.EngineExecutionOrchestrator.execute(EngineExecutionOrchestrator.java:90)\n\tat org.junit.platform.launcher.core.EngineExecutionOrchestrator.lambda$execute$0(EngineExecutionOrchestrator.java:55)\n\tat org.junit.platform.launcher.core.EngineExecutionOrchestrator.withInterceptedStreams(EngineExecutionOrchestrator.java:102)\n\tat org.junit.platform.launcher.core.EngineExecutionOrchestrator.execute(EngineExecutionOrchestrator.java:54)\n\tat org.junit.platform.launcher.core.DefaultLauncher.execute(DefaultLauncher.java:114)\n\tat org.junit.platform.launcher.core.DefaultLauncher.execute(DefaultLauncher.java:86)\n\tat org.junit.platform.launcher.core.DefaultLauncherSession$DelegatingLauncher.execute(DefaultLauncherSession.java:86)\n\tat org.junit.platform.launcher.core.SessionPerRequestLauncher.execute(SessionPerRequestLauncher.java:53)\n\tat org.apache.maven.surefire.junitplatform.JUnitPlatformProvider.execute(JUnitPlatformProvider.java:188)\n\tat org.apache.maven.surefire.junitplatform.JUnitPlatformProvider.invokeAllTests(JUnitPlatformProvider.java:154)\n\tat org.apache.maven.surefire.junitplatform.JUnitPlatformProvider.invoke(JUnitPlatformProvider.java:128)\n\tat org.apache.maven.surefire.booter.ForkedBooter.runSuitesInProcess(ForkedBooter.java:428)\n\tat org.apache.maven.surefire.booter.ForkedBooter.execute(ForkedBooter.java:162)\n\tat org.apache.maven.surefire.booter.ForkedBooter.run(ForkedBooter.java:562)\n\tat org.apache.maven.surefire.booter.ForkedBooter.main(ForkedBooter.java:548)\n"}
